<<<<<<< HEAD
[1023/210602.653:ERROR:directory_reader_win.cc(43)] FindFirstFile: 系统锟揭诧拷锟斤拷指锟斤拷锟斤拷路锟斤拷锟斤拷 (0x3)
[1024/085924.119:ERROR:directory_reader_win.cc(43)] FindFirstFile: 系统锟揭诧拷锟斤拷指锟斤拷锟斤拷路锟斤拷锟斤拷 (0x3)
[1024/204015.791:ERROR:directory_reader_win.cc(43)] FindFirstFile: 系统锟揭诧拷锟斤拷指锟斤拷锟斤拷路锟斤拷锟斤拷 (0x3)
[1026/094744.131:ERROR:directory_reader_win.cc(43)] FindFirstFile: 系统锟揭诧拷锟斤拷指锟斤拷锟斤拷路锟斤拷锟斤拷 (0x3)
[1026/190555.315:ERROR:directory_reader_win.cc(43)] FindFirstFile: 系统锟揭诧拷锟斤拷指锟斤拷锟斤拷路锟斤拷锟斤拷 (0x3)
[1027/161440.013:ERROR:directory_reader_win.cc(43)] FindFirstFile: 系统锟揭诧拷锟斤拷指锟斤拷锟斤拷路锟斤拷锟斤拷 (0x3)
[1027/221450.681:ERROR:directory_reader_win.cc(43)] FindFirstFile: 系统锟揭诧拷锟斤拷指锟斤拷锟斤拷路锟斤拷锟斤拷 (0x3)
[1028/185754.627:ERROR:directory_reader_win.cc(43)] FindFirstFile: 系统锟揭诧拷锟斤拷指锟斤拷锟斤拷路锟斤拷锟斤拷 (0x3)
[1028/191358.477:ERROR:directory_reader_win.cc(43)] FindFirstFile: 系统锟揭诧拷锟斤拷指锟斤拷锟斤拷路锟斤拷锟斤拷 (0x3)
[1030/213517.165:ERROR:directory_reader_win.cc(43)] FindFirstFile: 系统锟揭诧拷锟斤拷指锟斤拷锟斤拷路锟斤拷锟斤拷 (0x3)
[1103/230511.668:ERROR:directory_reader_win.cc(43)] FindFirstFile: 系统锟揭诧拷锟斤拷指锟斤拷锟斤拷路锟斤拷锟斤拷 (0x3)
[1024/093217.993:ERROR:directory_reader_win.cc(43)] FindFirstFile: 系统锟揭诧拷锟斤拷指锟斤拷锟斤拷路锟斤拷锟斤拷 (0x3)
[1026/091916.468:ERROR:directory_reader_win.cc(43)] FindFirstFile: 系统锟揭诧拷锟斤拷指锟斤拷锟斤拷路锟斤拷锟斤拷 (0x3)
[1028/100029.049:ERROR:directory_reader_win.cc(43)] FindFirstFile: 系统锟揭诧拷锟斤拷指锟斤拷锟斤拷路锟斤拷锟斤拷 (0x3)
[1028/192904.827:ERROR:directory_reader_win.cc(43)] FindFirstFile: 系统锟揭诧拷锟斤拷指锟斤拷锟斤拷路锟斤拷锟斤拷 (0x3)
[1029/103005.919:ERROR:directory_reader_win.cc(43)] FindFirstFile: 系统锟揭诧拷锟斤拷指锟斤拷锟斤拷路锟斤拷锟斤拷 (0x3)
[1030/191935.468:ERROR:directory_reader_win.cc(43)] FindFirstFile: 系统锟揭诧拷锟斤拷指锟斤拷锟斤拷路锟斤拷锟斤拷 (0x3)
=======
[1031/152701.675:ERROR:filesystem_win.cc(129)] GetFileAttributes C:\Users\dongdong\AppData\Local\Google\Chrome\User Data\Crashpad\attachments\0de62b2a-8c40-40ad-bcf0-0c44afdaab7a: 系统找不到指定的路径。 (0x3)
[1031/152701.690:ERROR:filesystem_win.cc(129)] GetFileAttributes C:\Users\dongdong\AppData\Local\Google\Chrome\User Data\Crashpad\attachments\10c976fd-3e60-4e51-ad7a-22fdd3a489b2: 系统找不到指定的路径。 (0x3)
[1031/152701.698:ERROR:filesystem_win.cc(129)] GetFileAttributes C:\Users\dongdong\AppData\Local\Google\Chrome\User Data\Crashpad\attachments\1183c9b3-e4fd-4ad2-a8a4-9a89c588e025: 系统找不到指定的路径。 (0x3)
[1031/152701.705:ERROR:filesystem_win.cc(129)] GetFileAttributes C:\Users\dongdong\AppData\Local\Google\Chrome\User Data\Crashpad\attachments\163e0ba9-bac4-4d1f-b860-8c3b64aff243: 系统找不到指定的路径。 (0x3)
[1031/152701.723:ERROR:filesystem_win.cc(129)] GetFileAttributes C:\Users\dongdong\AppData\Local\Google\Chrome\User Data\Crashpad\attachments\1f8cd6ab-ddc1-419e-accc-9db858319cc0: 系统找不到指定的路径。 (0x3)
[1031/152701.723:ERROR:filesystem_win.cc(129)] GetFileAttributes C:\Users\dongdong\AppData\Local\Google\Chrome\User Data\Crashpad\attachments\1fd71c36-5c65-4d5d-91ea-58178b33e8fb: 系统找不到指定的路径。 (0x3)
[1031/152701.733:ERROR:filesystem_win.cc(129)] GetFileAttributes C:\Users\dongdong\AppData\Local\Google\Chrome\User Data\Crashpad\attachments\1ff6a8eb-8a81-44c4-b9ea-9ab30fd73701: 系统找不到指定的路径。 (0x3)
[1031/152701.733:ERROR:filesystem_win.cc(129)] GetFileAttributes C:\Users\dongdong\AppData\Local\Google\Chrome\User Data\Crashpad\attachments\247f2e0e-e0fa-48bd-a963-32afa883b041: 系统找不到指定的路径。 (0x3)
[1031/152701.743:ERROR:filesystem_win.cc(129)] GetFileAttributes C:\Users\dongdong\AppData\Local\Google\Chrome\User Data\Crashpad\attachments\36046672-1a55-46cc-b7bc-b8117298342e: 系统找不到指定的路径。 (0x3)
[1031/152701.756:ERROR:filesystem_win.cc(129)] GetFileAttributes C:\Users\dongdong\AppData\Local\Google\Chrome\User Data\Crashpad\attachments\36fa437a-fc17-4fdc-b357-f1ed6cc0f98b: 系统找不到指定的路径。 (0x3)
[1031/152701.756:ERROR:filesystem_win.cc(129)] GetFileAttributes C:\Users\dongdong\AppData\Local\Google\Chrome\User Data\Crashpad\attachments\38b12ad7-018d-4327-a6bd-631638df0ea8: 系统找不到指定的路径。 (0x3)
[1031/152701.766:ERROR:filesystem_win.cc(129)] GetFileAttributes C:\Users\dongdong\AppData\Local\Google\Chrome\User Data\Crashpad\attachments\3f126f4c-15d2-4dff-84ad-d9b47f8c8532: 系统找不到指定的路径。 (0x3)
[1031/152701.766:ERROR:filesystem_win.cc(129)] GetFileAttributes C:\Users\dongdong\AppData\Local\Google\Chrome\User Data\Crashpad\attachments\4013a9c7-c3eb-475d-a67c-4ebd2e160a83: 系统找不到指定的路径。 (0x3)
[1031/152701.776:ERROR:filesystem_win.cc(129)] GetFileAttributes C:\Users\dongdong\AppData\Local\Google\Chrome\User Data\Crashpad\attachments\4119bf9a-ec2a-42b1-9f8c-4de955b1829f: 系统找不到指定的路径。 (0x3)
[1031/152701.786:ERROR:filesystem_win.cc(129)] GetFileAttributes C:\Users\dongdong\AppData\Local\Google\Chrome\User Data\Crashpad\attachments\454860ca-a609-489a-83c9-6243800f1ba5: 系统找不到指定的路径。 (0x3)
[1031/152701.796:ERROR:filesystem_win.cc(129)] GetFileAttributes C:\Users\dongdong\AppData\Local\Google\Chrome\User Data\Crashpad\attachments\53ed5681-202b-4abc-9d14-1f303ae10672: 系统找不到指定的路径。 (0x3)
[1031/152701.796:ERROR:filesystem_win.cc(129)] GetFileAttributes C:\Users\dongdong\AppData\Local\Google\Chrome\User Data\Crashpad\attachments\56778f4f-029f-4e09-a5c4-20417348fede: 系统找不到指定的路径。 (0x3)
[1031/152701.806:ERROR:filesystem_win.cc(129)] GetFileAttributes C:\Users\dongdong\AppData\Local\Google\Chrome\User Data\Crashpad\attachments\58be1250-b79a-44ba-8b66-dcb970624d80: 系统找不到指定的路径。 (0x3)
[1031/152701.816:ERROR:filesystem_win.cc(129)] GetFileAttributes C:\Users\dongdong\AppData\Local\Google\Chrome\User Data\Crashpad\attachments\6005203d-bddc-4b01-b1d2-c8012536f1b5: 系统找不到指定的路径。 (0x3)
[1031/152701.816:ERROR:filesystem_win.cc(129)] GetFileAttributes C:\Users\dongdong\AppData\Local\Google\Chrome\User Data\Crashpad\attachments\60e00c1c-f772-4b46-aaad-419364ff5728: 系统找不到指定的路径。 (0x3)
[1031/152701.826:ERROR:filesystem_win.cc(129)] GetFileAttributes C:\Users\dongdong\AppData\Local\Google\Chrome\User Data\Crashpad\attachments\62bd787a-c5f8-4627-8d8e-9f002b5b6dce: 系统找不到指定的路径。 (0x3)
[1031/152701.826:ERROR:filesystem_win.cc(129)] GetFileAttributes C:\Users\dongdong\AppData\Local\Google\Chrome\User Data\Crashpad\attachments\66700b65-9d3e-41c5-82cf-47b287edbd8a: 系统找不到指定的路径。 (0x3)
[1031/152701.836:ERROR:filesystem_win.cc(129)] GetFileAttributes C:\Users\dongdong\AppData\Local\Google\Chrome\User Data\Crashpad\attachments\66854ed8-3ec9-4fe2-afe5-1f783619f7c0: 系统找不到指定的路径。 (0x3)
[1031/152701.836:ERROR:filesystem_win.cc(129)] GetFileAttributes C:\Users\dongdong\AppData\Local\Google\Chrome\User Data\Crashpad\attachments\6ba78b72-5a99-4e3f-b4f8-a193d505372a: 系统找不到指定的路径。 (0x3)
[1031/152701.846:ERROR:filesystem_win.cc(129)] GetFileAttributes C:\Users\dongdong\AppData\Local\Google\Chrome\User Data\Crashpad\attachments\6d965a02-48a4-42b1-8ddb-056b675676f7: 系统找不到指定的路径。 (0x3)
[1031/152701.856:ERROR:filesystem_win.cc(129)] GetFileAttributes C:\Users\dongdong\AppData\Local\Google\Chrome\User Data\Crashpad\attachments\707e2e40-c695-43b2-b196-197f108dc01f: 系统找不到指定的路径。 (0x3)
[1031/152701.866:ERROR:filesystem_win.cc(129)] GetFileAttributes C:\Users\dongdong\AppData\Local\Google\Chrome\User Data\Crashpad\attachments\70c639a3-bd0e-4457-848e-ca8fced952f6: 系统找不到指定的路径。 (0x3)
[1031/152701.866:ERROR:filesystem_win.cc(129)] GetFileAttributes C:\Users\dongdong\AppData\Local\Google\Chrome\User Data\Crashpad\attachments\7250c805-a4d6-4a03-9fc1-b47e4d750b6c: 系统找不到指定的路径。 (0x3)
[1031/152701.876:ERROR:filesystem_win.cc(129)] GetFileAttributes C:\Users\dongdong\AppData\Local\Google\Chrome\User Data\Crashpad\attachments\73ad8250-4b28-401e-83f2-2ae3c3822c80: 系统找不到指定的路径。 (0x3)
[1031/152701.886:ERROR:filesystem_win.cc(129)] GetFileAttributes C:\Users\dongdong\AppData\Local\Google\Chrome\User Data\Crashpad\attachments\76ea5166-81ff-42f7-86f0-c0a788a63664: 系统找不到指定的路径。 (0x3)
[1031/152701.896:ERROR:filesystem_win.cc(129)] GetFileAttributes C:\Users\dongdong\AppData\Local\Google\Chrome\User Data\Crashpad\attachments\77185f47-f370-41e1-94a6-0d2fd01b9754: 系统找不到指定的路径。 (0x3)
[1031/152701.896:ERROR:filesystem_win.cc(129)] GetFileAttributes C:\Users\dongdong\AppData\Local\Google\Chrome\User Data\Crashpad\attachments\7a07fd7e-7c76-43b3-a989-8c2dff7d217c: 系统找不到指定的路径。 (0x3)
[1031/152701.906:ERROR:filesystem_win.cc(129)] GetFileAttributes C:\Users\dongdong\AppData\Local\Google\Chrome\User Data\Crashpad\attachments\7b8c707b-6907-4732-88c1-8a57707f9248: 系统找不到指定的路径。 (0x3)
[1031/152701.916:ERROR:filesystem_win.cc(129)] GetFileAttributes C:\Users\dongdong\AppData\Local\Google\Chrome\User Data\Crashpad\attachments\7dd8906d-8f8a-4e60-88ba-5cdb1199cfce: 系统找不到指定的路径。 (0x3)
[1031/152701.926:ERROR:filesystem_win.cc(129)] GetFileAttributes C:\Users\dongdong\AppData\Local\Google\Chrome\User Data\Crashpad\attachments\893c86bd-672d-48fa-b6f1-b56b1b5b2757: 系统找不到指定的路径。 (0x3)
[1031/152701.936:ERROR:filesystem_win.cc(129)] GetFileAttributes C:\Users\dongdong\AppData\Local\Google\Chrome\User Data\Crashpad\attachments\8edff6eb-98ea-45c3-82bc-262aca33924c: 系统找不到指定的路径。 (0x3)
[1031/152701.936:ERROR:filesystem_win.cc(129)] GetFileAttributes C:\Users\dongdong\AppData\Local\Google\Chrome\User Data\Crashpad\attachments\91eec2b3-e0e3-40c9-bcb9-a2234ca9ebbf: 系统找不到指定的路径。 (0x3)
[1031/152701.946:ERROR:filesystem_win.cc(129)] GetFileAttributes C:\Users\dongdong\AppData\Local\Google\Chrome\User Data\Crashpad\attachments\9294dc81-30d5-49b0-af01-3a70f33db80e: 系统找不到指定的路径。 (0x3)
[1031/152701.956:ERROR:filesystem_win.cc(129)] GetFileAttributes C:\Users\dongdong\AppData\Local\Google\Chrome\User Data\Crashpad\attachments\9461914b-5745-48e5-8260-6b8ee8265851: 系统找不到指定的路径。 (0x3)
[1031/152701.966:ERROR:filesystem_win.cc(129)] GetFileAttributes C:\Users\dongdong\AppData\Local\Google\Chrome\User Data\Crashpad\attachments\94e7b8f5-f16d-4627-83e4-5b0f53d52287: 系统找不到指定的路径。 (0x3)
[1031/152701.976:ERROR:filesystem_win.cc(129)] GetFileAttributes C:\Users\dongdong\AppData\Local\Google\Chrome\User Data\Crashpad\attachments\9a514d94-dd82-41df-bcf7-ebf0814050d9: 系统找不到指定的路径。 (0x3)
[1031/152701.976:ERROR:filesystem_win.cc(129)] GetFileAttributes C:\Users\dongdong\AppData\Local\Google\Chrome\User Data\Crashpad\attachments\a327c66d-e6c5-48a1-9fa4-feea9895826b: 系统找不到指定的路径。 (0x3)
[1031/152701.986:ERROR:filesystem_win.cc(129)] GetFileAttributes C:\Users\dongdong\AppData\Local\Google\Chrome\User Data\Crashpad\attachments\a35281e6-05f2-4569-a55a-9dcf90b40cdf: 系统找不到指定的路径。 (0x3)
[1031/152701.996:ERROR:filesystem_win.cc(129)] GetFileAttributes C:\Users\dongdong\AppData\Local\Google\Chrome\User Data\Crashpad\attachments\a9658505-7f2f-4b4f-a691-03f86813f2d2: 系统找不到指定的路径。 (0x3)
[1031/152701.996:ERROR:filesystem_win.cc(129)] GetFileAttributes C:\Users\dongdong\AppData\Local\Google\Chrome\User Data\Crashpad\attachments\aa6bab13-990b-44f1-b366-6a6aa3d4ca54: 系统找不到指定的路径。 (0x3)
[1031/152702.006:ERROR:filesystem_win.cc(129)] GetFileAttributes C:\Users\dongdong\AppData\Local\Google\Chrome\User Data\Crashpad\attachments\aeb71bab-61e9-4df8-9ec0-dc1aa0d198ff: 系统找不到指定的路径。 (0x3)
[1031/152702.016:ERROR:filesystem_win.cc(129)] GetFileAttributes C:\Users\dongdong\AppData\Local\Google\Chrome\User Data\Crashpad\attachments\aff2aad7-a30d-4bde-a3e7-fff5c15ac2c2: 系统找不到指定的路径。 (0x3)
[1031/152702.016:ERROR:filesystem_win.cc(129)] GetFileAttributes C:\Users\dongdong\AppData\Local\Google\Chrome\User Data\Crashpad\attachments\b08243a3-41ae-4dd7-be82-36ec74b00c7e: 系统找不到指定的路径。 (0x3)
[1031/152702.026:ERROR:filesystem_win.cc(129)] GetFileAttributes C:\Users\dongdong\AppData\Local\Google\Chrome\User Data\Crashpad\attachments\b713c946-8682-4733-a9e6-1de6bfd3a920: 系统找不到指定的路径。 (0x3)
[1031/152702.044:ERROR:filesystem_win.cc(129)] GetFileAttributes C:\Users\dongdong\AppData\Local\Google\Chrome\User Data\Crashpad\attachments\bd6fd613-d3dd-4bba-9af6-eb327285ebe0: 系统找不到指定的路径。 (0x3)
[1031/152702.048:ERROR:filesystem_win.cc(129)] GetFileAttributes C:\Users\dongdong\AppData\Local\Google\Chrome\User Data\Crashpad\attachments\bf2162d0-12dc-40be-a7a4-e4f5699a7123: 系统找不到指定的路径。 (0x3)
[1031/152702.052:ERROR:filesystem_win.cc(129)] GetFileAttributes C:\Users\dongdong\AppData\Local\Google\Chrome\User Data\Crashpad\attachments\c9471d87-f43d-48cb-b4a9-b6d8ea6be6f3: 系统找不到指定的路径。 (0x3)
[1031/152702.062:ERROR:filesystem_win.cc(129)] GetFileAttributes C:\Users\dongdong\AppData\Local\Google\Chrome\User Data\Crashpad\attachments\cdc39705-f328-43e5-bb88-de7bb0e2971b: 系统找不到指定的路径。 (0x3)
[1031/152702.063:ERROR:filesystem_win.cc(129)] GetFileAttributes C:\Users\dongdong\AppData\Local\Google\Chrome\User Data\Crashpad\attachments\cddd6656-7c7a-47c0-a31f-ee12e6445f13: 系统找不到指定的路径。 (0x3)
[1031/152702.073:ERROR:filesystem_win.cc(129)] GetFileAttributes C:\Users\dongdong\AppData\Local\Google\Chrome\User Data\Crashpad\attachments\cf40eb07-32be-45c3-88cc-cf835a15201c: 系统找不到指定的路径。 (0x3)
[1031/152702.073:ERROR:filesystem_win.cc(129)] GetFileAttributes C:\Users\dongdong\AppData\Local\Google\Chrome\User Data\Crashpad\attachments\cf6e3d1c-15f0-46cc-b04e-187f5b7cdbf9: 系统找不到指定的路径。 (0x3)
[1031/152702.083:ERROR:filesystem_win.cc(129)] GetFileAttributes C:\Users\dongdong\AppData\Local\Google\Chrome\User Data\Crashpad\attachments\d00f7e22-dd78-4442-a53a-97f3d0357328: 系统找不到指定的路径。 (0x3)
[1031/152702.093:ERROR:filesystem_win.cc(129)] GetFileAttributes C:\Users\dongdong\AppData\Local\Google\Chrome\User Data\Crashpad\attachments\d1998c61-7c33-42ec-ba66-53b8e8c6bd06: 系统找不到指定的路径。 (0x3)
[1031/152702.103:ERROR:filesystem_win.cc(129)] GetFileAttributes C:\Users\dongdong\AppData\Local\Google\Chrome\User Data\Crashpad\attachments\d88e024d-bd69-4d1b-a52f-4a7574f36599: 系统找不到指定的路径。 (0x3)
[1031/152702.103:ERROR:filesystem_win.cc(129)] GetFileAttributes C:\Users\dongdong\AppData\Local\Google\Chrome\User Data\Crashpad\attachments\d9a1a535-6215-4226-8c92-2dec3b496e0c: 系统找不到指定的路径。 (0x3)
[1031/152702.113:ERROR:filesystem_win.cc(129)] GetFileAttributes C:\Users\dongdong\AppData\Local\Google\Chrome\User Data\Crashpad\attachments\dc0e08c0-54d5-444d-8bad-bf044667740f: 系统找不到指定的路径。 (0x3)
[1031/152702.123:ERROR:filesystem_win.cc(129)] GetFileAttributes C:\Users\dongdong\AppData\Local\Google\Chrome\User Data\Crashpad\attachments\ddc8c6bc-7927-490e-987e-11695fa2a68d: 系统找不到指定的路径。 (0x3)
[1031/152702.123:ERROR:filesystem_win.cc(129)] GetFileAttributes C:\Users\dongdong\AppData\Local\Google\Chrome\User Data\Crashpad\attachments\ea340891-7a6e-416e-80d0-66b13813e087: 系统找不到指定的路径。 (0x3)
[1031/152702.123:ERROR:filesystem_win.cc(129)] GetFileAttributes C:\Users\dongdong\AppData\Local\Google\Chrome\User Data\Crashpad\attachments\ea8be8de-af3a-49a9-9705-752b3e7190bd: 系统找不到指定的路径。 (0x3)
[1031/152702.135:ERROR:filesystem_win.cc(129)] GetFileAttributes C:\Users\dongdong\AppData\Local\Google\Chrome\User Data\Crashpad\attachments\f27d8dcc-e293-483d-b063-a30f3a64c2a8: 系统找不到指定的路径。 (0x3)
[1031/152702.135:ERROR:filesystem_win.cc(129)] GetFileAttributes C:\Users\dongdong\AppData\Local\Google\Chrome\User Data\Crashpad\attachments\f89bdcfb-0a4f-45dc-87b5-ae8956e548b0: 系统找不到指定的路径。 (0x3)
[1031/152702.147:ERROR:directory_reader_win.cc(43)] FindFirstFile: 系统找不到指定的路径。 (0x3)
[1103/195242.320:ERROR:directory_reader_win.cc(43)] FindFirstFile: 系统找不到指定的路径。 (0x3)
>>>>>>> liyx
[1104/211527.833:ERROR:directory_reader_win.cc(43)] FindFirstFile: 系统找不到指定的路径。 (0x3)
[1105/120318.386:ERROR:directory_reader_win.cc(43)] FindFirstFile: 系统找不到指定的路径。 (0x3)
[1106/145831.387:ERROR:directory_reader_win.cc(43)] FindFirstFile: 系统找不到指定的路径。 (0x3)
[1107/101207.857:ERROR:directory_reader_win.cc(43)] FindFirstFile: 系统找不到指定的路径。 (0x3)
[1109/100636.267:ERROR:directory_reader_win.cc(43)] FindFirstFile: 系统找不到指定的路径。 (0x3)
[1110/141457.489:ERROR:directory_reader_win.cc(43)] FindFirstFile: 系统找不到指定的路径。 (0x3)
[1110/202514.219:ERROR:directory_reader_win.cc(43)] FindFirstFile: 系统找不到指定的路径。 (0x3)
